<?xml version="1.0" encoding="UTF-8"?>
<testng-results ignored="0" total="28" passed="25" failed="3" skipped="0">
  <reporter-output>
  </reporter-output>
  <suite started-at="2025-05-30T14:55:28 IST" name="Default suite" finished-at="2025-05-30T16:17:50 IST" duration-ms="4941784">
    <groups>
    </groups>
    <test started-at="2025-05-30T14:55:28 IST" name="Default test" finished-at="2025-05-30T16:17:50 IST" duration-ms="4941784">
      <class name="CriticalTestCases.ExternalLawyer">
        <test-method is-config="true" signature="setBrowser()[pri:0, instance:CriticalTestCases.ExternalLawyer@1bb5a082]" started-at="2025-05-30T14:55:28 IST" name="setBrowser" finished-at="2025-05-30T14:55:29 IST" duration-ms="519" status="PASS">
          <reporter-output>
          </reporter-output>
        </test-method> <!-- setBrowser -->
        <test-method is-config="true" signature="Login()[pri:0, instance:CriticalTestCases.ExternalLawyer@1bb5a082]" started-at="2025-05-30T14:55:29 IST" name="Login" finished-at="2025-05-30T14:55:59 IST" duration-ms="29862" status="PASS">
          <reporter-output>
          </reporter-output>
        </test-method> <!-- Login -->
        <test-method signature="NoticeOpen()[pri:0, instance:CriticalTestCases.ExternalLawyer@1bb5a082]" started-at="2025-05-30T14:55:59 IST" name="NoticeOpen" finished-at="2025-05-30T14:59:25 IST" duration-ms="206222" status="PASS">
          <reporter-output>
          </reporter-output>
        </test-method> <!-- NoticeOpen -->
        <test-method is-config="true" signature="Close()[pri:0, instance:CriticalTestCases.ExternalLawyer@1bb5a082]" started-at="2025-05-30T14:59:25 IST" name="Close" finished-at="2025-05-30T14:59:25 IST" duration-ms="106" status="PASS">
          <reporter-output>
          </reporter-output>
        </test-method> <!-- Close -->
        <test-method is-config="true" signature="Login()[pri:0, instance:CriticalTestCases.ExternalLawyer@1bb5a082]" started-at="2025-05-30T14:59:25 IST" name="Login" finished-at="2025-05-30T14:59:37 IST" duration-ms="12114" status="PASS">
          <reporter-output>
          </reporter-output>
        </test-method> <!-- Login -->
        <test-method signature="CaseOpen()[pri:1, instance:CriticalTestCases.ExternalLawyer@1bb5a082]" started-at="2025-05-30T14:59:37 IST" name="CaseOpen" finished-at="2025-05-30T15:04:19 IST" duration-ms="282374" status="PASS">
          <reporter-output>
          </reporter-output>
        </test-method> <!-- CaseOpen -->
        <test-method is-config="true" signature="Close()[pri:0, instance:CriticalTestCases.ExternalLawyer@1bb5a082]" started-at="2025-05-30T15:04:19 IST" name="Close" finished-at="2025-05-30T15:04:19 IST" duration-ms="116" status="PASS">
          <reporter-output>
          </reporter-output>
        </test-method> <!-- Close -->
        <test-method is-config="true" signature="Login()[pri:0, instance:CriticalTestCases.ExternalLawyer@1bb5a082]" started-at="2025-05-30T15:04:19 IST" name="Login" finished-at="2025-05-30T15:04:49 IST" duration-ms="29892" status="PASS">
          <reporter-output>
          </reporter-output>
        </test-method> <!-- Login -->
        <test-method signature="CloseNotice()[pri:2, instance:CriticalTestCases.ExternalLawyer@1bb5a082]" started-at="2025-05-30T15:04:49 IST" name="CloseNotice" finished-at="2025-05-30T15:06:19 IST" duration-ms="89566" status="PASS">
          <reporter-output>
          </reporter-output>
        </test-method> <!-- CloseNotice -->
        <test-method is-config="true" signature="Close()[pri:0, instance:CriticalTestCases.ExternalLawyer@1bb5a082]" started-at="2025-05-30T15:06:19 IST" name="Close" finished-at="2025-05-30T15:06:19 IST" duration-ms="132" status="PASS">
          <reporter-output>
          </reporter-output>
        </test-method> <!-- Close -->
        <test-method is-config="true" signature="Login()[pri:0, instance:CriticalTestCases.ExternalLawyer@1bb5a082]" started-at="2025-05-30T15:06:19 IST" name="Login" finished-at="2025-05-30T15:06:47 IST" duration-ms="28311" status="PASS">
          <reporter-output>
          </reporter-output>
        </test-method> <!-- Login -->
        <test-method signature="CloseCase()[pri:3, instance:CriticalTestCases.ExternalLawyer@1bb5a082]" started-at="2025-05-30T15:06:47 IST" name="CloseCase" finished-at="2025-05-30T15:08:17 IST" duration-ms="89866" status="PASS">
          <reporter-output>
          </reporter-output>
        </test-method> <!-- CloseCase -->
        <test-method is-config="true" signature="Close()[pri:0, instance:CriticalTestCases.ExternalLawyer@1bb5a082]" started-at="2025-05-30T15:08:17 IST" name="Close" finished-at="2025-05-30T15:08:17 IST" duration-ms="114" status="PASS">
          <reporter-output>
          </reporter-output>
        </test-method> <!-- Close -->
        <test-method is-config="true" signature="Login()[pri:0, instance:CriticalTestCases.ExternalLawyer@1bb5a082]" started-at="2025-05-30T15:08:17 IST" name="Login" finished-at="2025-05-30T15:08:47 IST" duration-ms="29388" status="PASS">
          <reporter-output>
          </reporter-output>
        </test-method> <!-- Login -->
        <test-method signature="NoticeClosed()[pri:4, instance:CriticalTestCases.ExternalLawyer@1bb5a082]" started-at="2025-05-30T15:08:47 IST" name="NoticeClosed" finished-at="2025-05-30T15:09:19 IST" duration-ms="32273" status="PASS">
          <reporter-output>
          </reporter-output>
        </test-method> <!-- NoticeClosed -->
        <test-method is-config="true" signature="Close()[pri:0, instance:CriticalTestCases.ExternalLawyer@1bb5a082]" started-at="2025-05-30T15:09:19 IST" name="Close" finished-at="2025-05-30T15:09:19 IST" duration-ms="99" status="PASS">
          <reporter-output>
          </reporter-output>
        </test-method> <!-- Close -->
        <test-method is-config="true" signature="Login()[pri:0, instance:CriticalTestCases.ExternalLawyer@1bb5a082]" started-at="2025-05-30T15:09:19 IST" name="Login" finished-at="2025-05-30T15:09:50 IST" duration-ms="31140" status="PASS">
          <reporter-output>
          </reporter-output>
        </test-method> <!-- Login -->
        <test-method signature="CaseClose()[pri:5, instance:CriticalTestCases.ExternalLawyer@1bb5a082]" started-at="2025-05-30T15:09:50 IST" name="CaseClose" finished-at="2025-05-30T15:10:22 IST" duration-ms="31748" status="PASS">
          <reporter-output>
          </reporter-output>
        </test-method> <!-- CaseClose -->
        <test-method is-config="true" signature="Close()[pri:0, instance:CriticalTestCases.ExternalLawyer@1bb5a082]" started-at="2025-05-30T15:10:22 IST" name="Close" finished-at="2025-05-30T15:10:22 IST" duration-ms="102" status="PASS">
          <reporter-output>
          </reporter-output>
        </test-method> <!-- Close -->
        <test-method is-config="true" signature="Login()[pri:0, instance:CriticalTestCases.ExternalLawyer@1bb5a082]" started-at="2025-05-30T15:10:22 IST" name="Login" finished-at="2025-05-30T15:10:50 IST" duration-ms="27988" status="PASS">
          <reporter-output>
          </reporter-output>
        </test-method> <!-- Login -->
        <test-method signature="TaskOpen()[pri:6, instance:CriticalTestCases.ExternalLawyer@1bb5a082]" started-at="2025-05-30T15:10:50 IST" name="TaskOpen" finished-at="2025-05-30T15:13:56 IST" duration-ms="185477" status="PASS">
          <reporter-output>
          </reporter-output>
        </test-method> <!-- TaskOpen -->
        <test-method is-config="true" signature="Close()[pri:0, instance:CriticalTestCases.ExternalLawyer@1bb5a082]" started-at="2025-05-30T15:13:56 IST" name="Close" finished-at="2025-05-30T15:13:56 IST" duration-ms="117" status="PASS">
          <reporter-output>
          </reporter-output>
        </test-method> <!-- Close -->
        <test-method is-config="true" signature="Login()[pri:0, instance:CriticalTestCases.ExternalLawyer@1bb5a082]" started-at="2025-05-30T15:13:56 IST" name="Login" finished-at="2025-05-30T15:14:18 IST" duration-ms="22763" status="PASS">
          <reporter-output>
          </reporter-output>
        </test-method> <!-- Login -->
        <test-method signature="TaskDelete()[pri:7, instance:CriticalTestCases.ExternalLawyer@1bb5a082]" started-at="2025-05-30T15:14:18 IST" name="TaskDelete" finished-at="2025-05-30T15:14:44 IST" duration-ms="25430" status="PASS">
          <reporter-output>
          </reporter-output>
        </test-method> <!-- TaskDelete -->
        <test-method is-config="true" signature="Close()[pri:0, instance:CriticalTestCases.ExternalLawyer@1bb5a082]" started-at="2025-05-30T15:14:44 IST" name="Close" finished-at="2025-05-30T15:14:44 IST" duration-ms="145" status="PASS">
          <reporter-output>
          </reporter-output>
        </test-method> <!-- Close -->
        <test-method is-config="true" signature="Login()[pri:0, instance:CriticalTestCases.ExternalLawyer@1bb5a082]" started-at="2025-05-30T15:14:44 IST" name="Login" finished-at="2025-05-30T15:15:07 IST" duration-ms="22828" status="PASS">
          <reporter-output>
          </reporter-output>
        </test-method> <!-- Login -->
        <test-method signature="TaskClosed()[pri:8, instance:CriticalTestCases.ExternalLawyer@1bb5a082]" started-at="2025-05-30T15:15:07 IST" name="TaskClosed" finished-at="2025-05-30T15:15:48 IST" duration-ms="40806" status="PASS">
          <reporter-output>
          </reporter-output>
        </test-method> <!-- TaskClosed -->
        <test-method is-config="true" signature="Close()[pri:0, instance:CriticalTestCases.ExternalLawyer@1bb5a082]" started-at="2025-05-30T15:15:48 IST" name="Close" finished-at="2025-05-30T15:15:48 IST" duration-ms="96" status="PASS">
          <reporter-output>
          </reporter-output>
        </test-method> <!-- Close -->
        <test-method is-config="true" signature="Login()[pri:0, instance:CriticalTestCases.ExternalLawyer@1bb5a082]" started-at="2025-05-30T15:15:48 IST" name="Login" finished-at="2025-05-30T15:16:08 IST" duration-ms="19907" status="PASS">
          <reporter-output>
          </reporter-output>
        </test-method> <!-- Login -->
        <test-method signature="ClosedTask()[pri:9, instance:CriticalTestCases.ExternalLawyer@1bb5a082]" started-at="2025-05-30T15:16:08 IST" name="ClosedTask" finished-at="2025-05-30T15:17:49 IST" duration-ms="101012" status="PASS">
          <reporter-output>
          </reporter-output>
        </test-method> <!-- ClosedTask -->
        <test-method is-config="true" signature="Close()[pri:0, instance:CriticalTestCases.ExternalLawyer@1bb5a082]" started-at="2025-05-30T15:17:49 IST" name="Close" finished-at="2025-05-30T15:17:49 IST" duration-ms="91" status="PASS">
          <reporter-output>
          </reporter-output>
        </test-method> <!-- Close -->
        <test-method is-config="true" signature="Login()[pri:0, instance:CriticalTestCases.ExternalLawyer@1bb5a082]" started-at="2025-05-30T15:17:49 IST" name="Login" finished-at="2025-05-30T15:18:16 IST" duration-ms="26909" status="PASS">
          <reporter-output>
          </reporter-output>
        </test-method> <!-- Login -->
        <test-method signature="NoticeDocumentTab()[pri:10, instance:CriticalTestCases.ExternalLawyer@1bb5a082]" started-at="2025-05-30T15:18:16 IST" name="NoticeDocumentTab" finished-at="2025-05-30T15:20:39 IST" duration-ms="143216" status="PASS">
          <reporter-output>
          </reporter-output>
        </test-method> <!-- NoticeDocumentTab -->
        <test-method is-config="true" signature="Close()[pri:0, instance:CriticalTestCases.ExternalLawyer@1bb5a082]" started-at="2025-05-30T15:20:39 IST" name="Close" finished-at="2025-05-30T15:20:39 IST" duration-ms="203" status="PASS">
          <reporter-output>
          </reporter-output>
        </test-method> <!-- Close -->
        <test-method is-config="true" signature="Login()[pri:0, instance:CriticalTestCases.ExternalLawyer@1bb5a082]" started-at="2025-05-30T15:20:39 IST" name="Login" finished-at="2025-05-30T15:21:03 IST" duration-ms="23404" status="PASS">
          <reporter-output>
          </reporter-output>
        </test-method> <!-- Login -->
        <test-method signature="NoticeTaskActivityTab()[pri:12, instance:CriticalTestCases.ExternalLawyer@1bb5a082]" started-at="2025-05-30T15:21:03 IST" name="NoticeTaskActivityTab" finished-at="2025-05-30T15:24:25 IST" duration-ms="202155" status="PASS">
          <reporter-output>
          </reporter-output>
        </test-method> <!-- NoticeTaskActivityTab -->
        <test-method is-config="true" signature="Close()[pri:0, instance:CriticalTestCases.ExternalLawyer@1bb5a082]" started-at="2025-05-30T15:24:25 IST" name="Close" finished-at="2025-05-30T15:24:25 IST" duration-ms="130" status="PASS">
          <reporter-output>
          </reporter-output>
        </test-method> <!-- Close -->
        <test-method is-config="true" signature="Login()[pri:0, instance:CriticalTestCases.ExternalLawyer@1bb5a082]" started-at="2025-05-30T15:24:25 IST" name="Login" finished-at="2025-05-30T15:24:47 IST" duration-ms="22458" status="PASS">
          <reporter-output>
          </reporter-output>
        </test-method> <!-- Login -->
        <test-method signature="NoticeResponseTab()[pri:13, instance:CriticalTestCases.ExternalLawyer@1bb5a082]" started-at="2025-05-30T15:24:47 IST" name="NoticeResponseTab" finished-at="2025-05-30T15:26:07 IST" duration-ms="79664" status="FAIL">
          <exception class="java.lang.ClassCastException">
            <message>
              <![CDATA[class java.lang.ThreadLocal cannot be cast to class org.openqa.selenium.JavascriptExecutor (java.lang.ThreadLocal is in module java.base of loader 'bootstrap'; org.openqa.selenium.JavascriptExecutor is in unnamed module of loader 'app')]]>
            </message>
            <full-stacktrace>
              <![CDATA[java.lang.ClassCastException: class java.lang.ThreadLocal cannot be cast to class org.openqa.selenium.JavascriptExecutor (java.lang.ThreadLocal is in module java.base of loader 'bootstrap'; org.openqa.selenium.JavascriptExecutor is in unnamed module of loader 'app')
at litigationExternalLawyer.MethodPOM.Response(MethodPOM.java:1264)
at CriticalTestCases.ExternalLawyer.NoticeResponseTab(ExternalLawyer.java:257)
at java.base/jdk.internal.reflect.DirectMethodHandleAccessor.invoke(DirectMethodHandleAccessor.java:103)
at java.base/java.lang.reflect.Method.invoke(Method.java:580)
at org.testng.internal.MethodInvocationHelper.invokeMethod(MethodInvocationHelper.java:133)
at org.testng.internal.TestInvoker.invokeMethod(TestInvoker.java:598)
at org.testng.internal.TestInvoker.invokeTestMethod(TestInvoker.java:173)
at org.testng.internal.MethodRunner.runInSequence(MethodRunner.java:46)
at org.testng.internal.TestInvoker$MethodInvocationAgent.invoke(TestInvoker.java:824)
at org.testng.internal.TestInvoker.invokeTestMethods(TestInvoker.java:146)
at org.testng.internal.TestMethodWorker.invokeTestMethods(TestMethodWorker.java:146)
at org.testng.internal.TestMethodWorker.run(TestMethodWorker.java:128)
at java.base/java.util.ArrayList.forEach(ArrayList.java:1597)
at org.testng.TestRunner.privateRun(TestRunner.java:794)
at org.testng.TestRunner.run(TestRunner.java:596)
at org.testng.SuiteRunner.runTest(SuiteRunner.java:377)
at org.testng.SuiteRunner.runSequentially(SuiteRunner.java:371)
at org.testng.SuiteRunner.privateRun(SuiteRunner.java:332)
at org.testng.SuiteRunner.run(SuiteRunner.java:276)
at org.testng.SuiteRunnerWorker.runSuite(SuiteRunnerWorker.java:53)
at org.testng.SuiteRunnerWorker.run(SuiteRunnerWorker.java:96)
at org.testng.TestNG.runSuitesSequentially(TestNG.java:1212)
at org.testng.TestNG.runSuitesLocally(TestNG.java:1134)
at org.testng.TestNG.runSuites(TestNG.java:1063)
at org.testng.TestNG.run(TestNG.java:1031)
at org.testng.remote.AbstractRemoteTestNG.run(AbstractRemoteTestNG.java:115)
at org.testng.remote.RemoteTestNG.initAndRun(RemoteTestNG.java:293)
at org.testng.remote.RemoteTestNG.main(RemoteTestNG.java:91)
]]>
            </full-stacktrace>
          </exception> <!-- java.lang.ClassCastException -->
          <reporter-output>
          </reporter-output>
        </test-method> <!-- NoticeResponseTab -->
        <test-method is-config="true" signature="Close()[pri:0, instance:CriticalTestCases.ExternalLawyer@1bb5a082]" started-at="2025-05-30T15:26:07 IST" name="Close" finished-at="2025-05-30T15:26:07 IST" duration-ms="107" status="PASS">
          <reporter-output>
          </reporter-output>
        </test-method> <!-- Close -->
        <test-method is-config="true" signature="Login()[pri:0, instance:CriticalTestCases.ExternalLawyer@1bb5a082]" started-at="2025-05-30T15:26:07 IST" name="Login" finished-at="2025-05-30T15:26:29 IST" duration-ms="21536" status="PASS">
          <reporter-output>
          </reporter-output>
        </test-method> <!-- Login -->
        <test-method signature="NoticePaymentLogTab()[pri:14, instance:CriticalTestCases.ExternalLawyer@1bb5a082]" started-at="2025-05-30T15:26:29 IST" name="NoticePaymentLogTab" finished-at="2025-05-30T15:29:31 IST" duration-ms="181976" status="PASS">
          <reporter-output>
          </reporter-output>
        </test-method> <!-- NoticePaymentLogTab -->
        <test-method is-config="true" signature="Close()[pri:0, instance:CriticalTestCases.ExternalLawyer@1bb5a082]" started-at="2025-05-30T15:29:31 IST" name="Close" finished-at="2025-05-30T15:29:31 IST" duration-ms="122" status="PASS">
          <reporter-output>
          </reporter-output>
        </test-method> <!-- Close -->
        <test-method is-config="true" signature="Login()[pri:0, instance:CriticalTestCases.ExternalLawyer@1bb5a082]" started-at="2025-05-30T15:29:31 IST" name="Login" finished-at="2025-05-30T15:29:50 IST" duration-ms="18879" status="PASS">
          <reporter-output>
          </reporter-output>
        </test-method> <!-- Login -->
        <test-method signature="NoticeAuditLogTab()[pri:15, instance:CriticalTestCases.ExternalLawyer@1bb5a082]" started-at="2025-05-30T15:29:50 IST" name="NoticeAuditLogTab" finished-at="2025-05-30T15:31:32 IST" duration-ms="102127" status="PASS">
          <reporter-output>
          </reporter-output>
        </test-method> <!-- NoticeAuditLogTab -->
        <test-method is-config="true" signature="Close()[pri:0, instance:CriticalTestCases.ExternalLawyer@1bb5a082]" started-at="2025-05-30T15:31:32 IST" name="Close" finished-at="2025-05-30T15:31:32 IST" duration-ms="132" status="PASS">
          <reporter-output>
          </reporter-output>
        </test-method> <!-- Close -->
        <test-method is-config="true" signature="Login()[pri:0, instance:CriticalTestCases.ExternalLawyer@1bb5a082]" started-at="2025-05-30T15:31:32 IST" name="Login" finished-at="2025-05-30T15:31:53 IST" duration-ms="21628" status="PASS">
          <reporter-output>
          </reporter-output>
        </test-method> <!-- Login -->
        <test-method signature="CaseDocumentTab()[pri:16, instance:CriticalTestCases.ExternalLawyer@1bb5a082]" started-at="2025-05-30T15:31:53 IST" name="CaseDocumentTab" finished-at="2025-05-30T15:34:32 IST" duration-ms="158625" status="PASS">
          <reporter-output>
          </reporter-output>
        </test-method> <!-- CaseDocumentTab -->
        <test-method is-config="true" signature="Close()[pri:0, instance:CriticalTestCases.ExternalLawyer@1bb5a082]" started-at="2025-05-30T15:34:32 IST" name="Close" finished-at="2025-05-30T15:34:32 IST" duration-ms="158" status="PASS">
          <reporter-output>
          </reporter-output>
        </test-method> <!-- Close -->
        <test-method is-config="true" signature="Login()[pri:0, instance:CriticalTestCases.ExternalLawyer@1bb5a082]" started-at="2025-05-30T15:34:32 IST" name="Login" finished-at="2025-05-30T15:34:53 IST" duration-ms="20920" status="PASS">
          <reporter-output>
          </reporter-output>
        </test-method> <!-- Login -->
        <test-method signature="CaseTaskActivityTab()[pri:17, instance:CriticalTestCases.ExternalLawyer@1bb5a082]" started-at="2025-05-30T15:34:53 IST" name="CaseTaskActivityTab" finished-at="2025-05-30T15:41:23 IST" duration-ms="390192" status="FAIL">
          <exception class="org.openqa.selenium.TimeoutException">
            <message>
              <![CDATA[Expected condition failed: waiting for presence of element located by: By.xpath: //*[@id='ddlTaskUserInternal_chosen']/div/ul/li[1] (tried for 10 second(s) with 500 milliseconds interval)]]>
            </message>
            <full-stacktrace>
              <![CDATA[org.openqa.selenium.TimeoutException: Expected condition failed: waiting for presence of element located by: By.xpath: //*[@id='ddlTaskUserInternal_chosen']/div/ul/li[1] (tried for 10 second(s) with 500 milliseconds interval)
at org.openqa.selenium.support.ui.WebDriverWait.timeoutException(WebDriverWait.java:95)
at org.openqa.selenium.support.ui.FluentWait.until(FluentWait.java:272)
at litigationAdditionalOwner.performerPOM.selectInternalUser4(performerPOM.java:2147)
at litigationExternalLawyer.MethodPOM.TaskActivity1(MethodPOM.java:2422)
at CriticalTestCases.ExternalLawyer.CaseTaskActivityTab(ExternalLawyer.java:308)
at java.base/jdk.internal.reflect.DirectMethodHandleAccessor.invoke(DirectMethodHandleAccessor.java:103)
at java.base/java.lang.reflect.Method.invoke(Method.java:580)
at org.testng.internal.MethodInvocationHelper.invokeMethod(MethodInvocationHelper.java:133)
at org.testng.internal.TestInvoker.invokeMethod(TestInvoker.java:598)
at org.testng.internal.TestInvoker.invokeTestMethod(TestInvoker.java:173)
at org.testng.internal.MethodRunner.runInSequence(MethodRunner.java:46)
at org.testng.internal.TestInvoker$MethodInvocationAgent.invoke(TestInvoker.java:824)
at org.testng.internal.TestInvoker.invokeTestMethods(TestInvoker.java:146)
at org.testng.internal.TestMethodWorker.invokeTestMethods(TestMethodWorker.java:146)
at org.testng.internal.TestMethodWorker.run(TestMethodWorker.java:128)
at java.base/java.util.ArrayList.forEach(ArrayList.java:1597)
at org.testng.TestRunner.privateRun(TestRunner.java:794)
at org.testng.TestRunner.run(TestRunner.java:596)
at org.testng.SuiteRunner.runTest(SuiteRunner.java:377)
at org.testng.SuiteRunner.runSequentially(SuiteRunner.java:371)
at org.testng.SuiteRunner.privateRun(SuiteRunner.java:332)
at org.testng.SuiteRunner.run(SuiteRunner.java:276)
at org.testng.SuiteRunnerWorker.runSuite(SuiteRunnerWorker.java:53)
at org.testng.SuiteRunnerWorker.run(SuiteRunnerWorker.java:96)
at org.testng.TestNG.runSuitesSequentially(TestNG.java:1212)
at org.testng.TestNG.runSuitesLocally(TestNG.java:1134)
at org.testng.TestNG.runSuites(TestNG.java:1063)
at org.testng.TestNG.run(TestNG.java:1031)
at org.testng.remote.AbstractRemoteTestNG.run(AbstractRemoteTestNG.java:115)
at org.testng.remote.RemoteTestNG.initAndRun(RemoteTestNG.java:293)
at org.testng.remote.RemoteTestNG.main(RemoteTestNG.java:91)
Caused by: org.openqa.selenium.NoSuchElementException: no such element: Unable to locate element: {"method":"xpath","selector":"//*[@id='ddlTaskUserInternal_chosen']/div/ul/li[1]"}
  (Session info: chrome=136.0.7103.114)
For documentation on this error, please visit: http://seleniumhq.org/exceptions/no_such_element.html
Build info: version: '3.141.0', revision: '2ecb7d9a', time: '2018-10-31T20:09:30'
System info: host: 'TRPL-PUN-0115', ip: '192.168.1.7', os.name: 'Windows 10', os.arch: 'amd64', os.version: '10.0', java.version: '23.0.2'
Driver info: org.openqa.selenium.chrome.ChromeDriver
Capabilities {acceptInsecureCerts: false, browserName: chrome, browserVersion: 136.0.7103.114, chrome: {chromedriverVersion: 136.0.7103.94 (fa0be0b33deb..., userDataDir: C:\Users\snehalp\AppData\Lo...}, fedcm:accounts: true, goog:chromeOptions: {debuggerAddress: localhost:52585}, javascriptEnabled: true, networkConnectionEnabled: false, pageLoadStrategy: normal, platform: WINDOWS, platformName: WINDOWS, proxy: Proxy(), setWindowRect: true, strictFileInteractability: false, timeouts: {implicit: 0, pageLoad: 300000, script: 30000}, unhandledPromptBehavior: dismiss and notify, webauthn:extension:credBlob: true, webauthn:extension:largeBlob: true, webauthn:extension:minPinLength: true, webauthn:extension:prf: true, webauthn:virtualAuthenticators: true}
Session ID: 74a0a26fe556925657faa494afba4769
*** Element info: {Using=xpath, value=//*[@id='ddlTaskUserInternal_chosen']/div/ul/li[1]}
at java.base/jdk.internal.reflect.DirectConstructorHandleAccessor.newInstance(DirectConstructorHandleAccessor.java:62)
at java.base/java.lang.reflect.Constructor.newInstanceWithCaller(Constructor.java:501)
at java.base/java.lang.reflect.Constructor.newInstance(Constructor.java:485)
at org.openqa.selenium.remote.http.W3CHttpResponseCodec.createException(W3CHttpResponseCodec.java:187)
at org.openqa.selenium.remote.http.W3CHttpResponseCodec.decode(W3CHttpResponseCodec.java:122)
at org.openqa.selenium.remote.http.W3CHttpResponseCodec.decode(W3CHttpResponseCodec.java:49)
at org.openqa.selenium.remote.HttpCommandExecutor.execute(HttpCommandExecutor.java:158)
at org.openqa.selenium.remote.service.DriverCommandExecutor.execute(DriverCommandExecutor.java:83)
at org.openqa.selenium.remote.RemoteWebDriver.execute(RemoteWebDriver.java:552)
at org.openqa.selenium.remote.RemoteWebDriver.findElement(RemoteWebDriver.java:323)
at org.openqa.selenium.remote.RemoteWebDriver.findElementByXPath(RemoteWebDriver.java:428)
at org.openqa.selenium.By$ByXPath.findElement(By.java:353)
at org.openqa.selenium.remote.RemoteWebDriver.findElement(RemoteWebDriver.java:315)
at org.openqa.selenium.support.ui.ExpectedConditions$6.apply(ExpectedConditions.java:182)
at org.openqa.selenium.support.ui.ExpectedConditions$6.apply(ExpectedConditions.java:179)
at org.openqa.selenium.support.ui.FluentWait.until(FluentWait.java:249)
... 29 more
]]>
            </full-stacktrace>
          </exception> <!-- org.openqa.selenium.TimeoutException -->
          <reporter-output>
          </reporter-output>
        </test-method> <!-- CaseTaskActivityTab -->
        <test-method is-config="true" signature="Close()[pri:0, instance:CriticalTestCases.ExternalLawyer@1bb5a082]" started-at="2025-05-30T15:41:23 IST" name="Close" finished-at="2025-05-30T15:41:23 IST" duration-ms="131" status="PASS">
          <reporter-output>
          </reporter-output>
        </test-method> <!-- Close -->
        <test-method is-config="true" signature="Login()[pri:0, instance:CriticalTestCases.ExternalLawyer@1bb5a082]" started-at="2025-05-30T15:41:23 IST" name="Login" finished-at="2025-05-30T15:42:10 IST" duration-ms="46939" status="PASS">
          <reporter-output>
          </reporter-output>
        </test-method> <!-- Login -->
        <test-method signature="CaseHearingTab()[pri:18, instance:CriticalTestCases.ExternalLawyer@1bb5a082]" started-at="2025-05-30T15:42:10 IST" name="CaseHearingTab" finished-at="2025-05-30T15:45:36 IST" duration-ms="205775" status="PASS">
          <reporter-output>
          </reporter-output>
        </test-method> <!-- CaseHearingTab -->
        <test-method is-config="true" signature="Close()[pri:0, instance:CriticalTestCases.ExternalLawyer@1bb5a082]" started-at="2025-05-30T15:45:36 IST" name="Close" finished-at="2025-05-30T15:45:36 IST" duration-ms="155" status="PASS">
          <reporter-output>
          </reporter-output>
        </test-method> <!-- Close -->
        <test-method is-config="true" signature="Login()[pri:0, instance:CriticalTestCases.ExternalLawyer@1bb5a082]" started-at="2025-05-30T15:45:36 IST" name="Login" finished-at="2025-05-30T15:46:03 IST" duration-ms="26414" status="PASS">
          <reporter-output>
          </reporter-output>
        </test-method> <!-- Login -->
        <test-method signature="CaseOrderTab()[pri:19, instance:CriticalTestCases.ExternalLawyer@1bb5a082]" started-at="2025-05-30T15:46:03 IST" name="CaseOrderTab" finished-at="2025-05-30T15:49:45 IST" duration-ms="221766" status="FAIL">
          <exception class="org.openqa.selenium.NoSuchElementException">
            <message>
              <![CDATA[no such element: Unable to locate element: {"method":"xpath","selector":"//*[@id='grdCaseOrder_lnkBtnViewDoc_0']/img"}
  (Session info: chrome=136.0.7103.114)
For documentation on this error, please visit: http://seleniumhq.org/exceptions/no_such_element.html
Build info: version: '3.141.0', revision: '2ecb7d9a', time: '2018-10-31T20:09:30'
System info: host: 'TRPL-PUN-0115', ip: '192.168.1.7', os.name: 'Windows 10', os.arch: 'amd64', os.version: '10.0', java.version: '23.0.2'
Driver info: org.openqa.selenium.chrome.ChromeDriver
Capabilities {acceptInsecureCerts: false, browserName: chrome, browserVersion: 136.0.7103.114, chrome: {chromedriverVersion: 136.0.7103.94 (fa0be0b33deb..., userDataDir: C:\Users\snehalp\AppData\Lo...}, fedcm:accounts: true, goog:chromeOptions: {debuggerAddress: localhost:53043}, javascriptEnabled: true, networkConnectionEnabled: false, pageLoadStrategy: normal, platform: WINDOWS, platformName: WINDOWS, proxy: Proxy(), setWindowRect: true, strictFileInteractability: false, timeouts: {implicit: 0, pageLoad: 300000, script: 30000}, unhandledPromptBehavior: dismiss and notify, webauthn:extension:credBlob: true, webauthn:extension:largeBlob: true, webauthn:extension:minPinLength: true, webauthn:extension:prf: true, webauthn:virtualAuthenticators: true}
Session ID: 7ad6fedaf14343db5c4d9fa1b5d57d05
*** Element info: {Using=xpath, value=//*[@id='grdCaseOrder_lnkBtnViewDoc_0']/img}]]>
            </message>
            <full-stacktrace>
              <![CDATA[org.openqa.selenium.NoSuchElementException: no such element: Unable to locate element: {"method":"xpath","selector":"//*[@id='grdCaseOrder_lnkBtnViewDoc_0']/img"}
  (Session info: chrome=136.0.7103.114)
For documentation on this error, please visit: http://seleniumhq.org/exceptions/no_such_element.html
Build info: version: '3.141.0', revision: '2ecb7d9a', time: '2018-10-31T20:09:30'
System info: host: 'TRPL-PUN-0115', ip: '192.168.1.7', os.name: 'Windows 10', os.arch: 'amd64', os.version: '10.0', java.version: '23.0.2'
Driver info: org.openqa.selenium.chrome.ChromeDriver
Capabilities {acceptInsecureCerts: false, browserName: chrome, browserVersion: 136.0.7103.114, chrome: {chromedriverVersion: 136.0.7103.94 (fa0be0b33deb..., userDataDir: C:\Users\snehalp\AppData\Lo...}, fedcm:accounts: true, goog:chromeOptions: {debuggerAddress: localhost:53043}, javascriptEnabled: true, networkConnectionEnabled: false, pageLoadStrategy: normal, platform: WINDOWS, platformName: WINDOWS, proxy: Proxy(), setWindowRect: true, strictFileInteractability: false, timeouts: {implicit: 0, pageLoad: 300000, script: 30000}, unhandledPromptBehavior: dismiss and notify, webauthn:extension:credBlob: true, webauthn:extension:largeBlob: true, webauthn:extension:minPinLength: true, webauthn:extension:prf: true, webauthn:virtualAuthenticators: true}
Session ID: 7ad6fedaf14343db5c4d9fa1b5d57d05
*** Element info: {Using=xpath, value=//*[@id='grdCaseOrder_lnkBtnViewDoc_0']/img}
at java.base/jdk.internal.reflect.DirectConstructorHandleAccessor.newInstance(DirectConstructorHandleAccessor.java:62)
at java.base/java.lang.reflect.Constructor.newInstanceWithCaller(Constructor.java:501)
at java.base/java.lang.reflect.Constructor.newInstance(Constructor.java:485)
at org.openqa.selenium.remote.http.W3CHttpResponseCodec.createException(W3CHttpResponseCodec.java:187)
at org.openqa.selenium.remote.http.W3CHttpResponseCodec.decode(W3CHttpResponseCodec.java:122)
at org.openqa.selenium.remote.http.W3CHttpResponseCodec.decode(W3CHttpResponseCodec.java:49)
at org.openqa.selenium.remote.HttpCommandExecutor.execute(HttpCommandExecutor.java:158)
at org.openqa.selenium.remote.service.DriverCommandExecutor.execute(DriverCommandExecutor.java:83)
at org.openqa.selenium.remote.RemoteWebDriver.execute(RemoteWebDriver.java:552)
at org.openqa.selenium.remote.RemoteWebDriver.findElement(RemoteWebDriver.java:323)
at org.openqa.selenium.remote.RemoteWebDriver.findElementByXPath(RemoteWebDriver.java:428)
at org.openqa.selenium.By$ByXPath.findElement(By.java:353)
at org.openqa.selenium.remote.RemoteWebDriver.findElement(RemoteWebDriver.java:315)
at litigationAdditionalOwner.performerPOM.clickViewCaseOrdercfo(performerPOM.java:6169)
at litigationExternalLawyer.MethodPOM.CaseOrder(MethodPOM.java:2679)
at CriticalTestCases.ExternalLawyer.CaseOrderTab(ExternalLawyer.java:334)
at java.base/jdk.internal.reflect.DirectMethodHandleAccessor.invoke(DirectMethodHandleAccessor.java:103)
at java.base/java.lang.reflect.Method.invoke(Method.java:580)
at org.testng.internal.MethodInvocationHelper.invokeMethod(MethodInvocationHelper.java:133)
at org.testng.internal.TestInvoker.invokeMethod(TestInvoker.java:598)
at org.testng.internal.TestInvoker.invokeTestMethod(TestInvoker.java:173)
at org.testng.internal.MethodRunner.runInSequence(MethodRunner.java:46)
at org.testng.internal.TestInvoker$MethodInvocationAgent.invoke(TestInvoker.java:824)
at org.testng.internal.TestInvoker.invokeTestMethods(TestInvoker.java:146)
at org.testng.internal.TestMethodWorker.invokeTestMethods(TestMethodWorker.java:146)
at org.testng.internal.TestMethodWorker.run(TestMethodWorker.java:128)
at java.base/java.util.ArrayList.forEach(ArrayList.java:1597)
at org.testng.TestRunner.privateRun(TestRunner.java:794)
at org.testng.TestRunner.run(TestRunner.java:596)
at org.testng.SuiteRunner.runTest(SuiteRunner.java:377)
at org.testng.SuiteRunner.runSequentially(SuiteRunner.java:371)
at org.testng.SuiteRunner.privateRun(SuiteRunner.java:332)
at org.testng.SuiteRunner.run(SuiteRunner.java:276)
at org.testng.SuiteRunnerWorker.runSuite(SuiteRunnerWorker.java:53)
at org.testng.SuiteRunnerWorker.run(SuiteRunnerWorker.java:96)
at org.testng.TestNG.runSuitesSequentially(TestNG.java:1212)
at org.testng.TestNG.runSuitesLocally(TestNG.java:1134)
at org.testng.TestNG.runSuites(TestNG.java:1063)
at org.testng.TestNG.run(TestNG.java:1031)
at org.testng.remote.AbstractRemoteTestNG.run(AbstractRemoteTestNG.java:115)
at org.testng.remote.RemoteTestNG.initAndRun(RemoteTestNG.java:293)
at org.testng.remote.RemoteTestNG.main(RemoteTestNG.java:91)
]]>
            </full-stacktrace>
          </exception> <!-- org.openqa.selenium.NoSuchElementException -->
          <reporter-output>
          </reporter-output>
        </test-method> <!-- CaseOrderTab -->
        <test-method is-config="true" signature="Close()[pri:0, instance:CriticalTestCases.ExternalLawyer@1bb5a082]" started-at="2025-05-30T15:49:45 IST" name="Close" finished-at="2025-05-30T15:49:45 IST" duration-ms="112" status="PASS">
          <reporter-output>
          </reporter-output>
        </test-method> <!-- Close -->
        <test-method is-config="true" signature="Login()[pri:0, instance:CriticalTestCases.ExternalLawyer@1bb5a082]" started-at="2025-05-30T15:49:45 IST" name="Login" finished-at="2025-05-30T15:50:09 IST" duration-ms="24480" status="PASS">
          <reporter-output>
          </reporter-output>
        </test-method> <!-- Login -->
        <test-method signature="StatusPayment()[pri:20, instance:CriticalTestCases.ExternalLawyer@1bb5a082]" started-at="2025-05-30T15:50:09 IST" name="StatusPayment" finished-at="2025-05-30T15:54:13 IST" duration-ms="243742" status="PASS">
          <reporter-output>
          </reporter-output>
        </test-method> <!-- StatusPayment -->
        <test-method is-config="true" signature="Close()[pri:0, instance:CriticalTestCases.ExternalLawyer@1bb5a082]" started-at="2025-05-30T15:54:13 IST" name="Close" finished-at="2025-05-30T15:54:13 IST" duration-ms="117" status="PASS">
          <reporter-output>
          </reporter-output>
        </test-method> <!-- Close -->
        <test-method is-config="true" signature="Login()[pri:0, instance:CriticalTestCases.ExternalLawyer@1bb5a082]" started-at="2025-05-30T15:54:13 IST" name="Login" finished-at="2025-05-30T15:54:40 IST" duration-ms="27299" status="PASS">
          <reporter-output>
          </reporter-output>
        </test-method> <!-- Login -->
        <test-method signature="Auditlog()[pri:21, instance:CriticalTestCases.ExternalLawyer@1bb5a082]" started-at="2025-05-30T15:54:40 IST" name="Auditlog" finished-at="2025-05-30T15:55:47 IST" duration-ms="66504" status="PASS">
          <reporter-output>
          </reporter-output>
        </test-method> <!-- Auditlog -->
        <test-method is-config="true" signature="Close()[pri:0, instance:CriticalTestCases.ExternalLawyer@1bb5a082]" started-at="2025-05-30T15:55:47 IST" name="Close" finished-at="2025-05-30T15:55:47 IST" duration-ms="131" status="PASS">
          <reporter-output>
          </reporter-output>
        </test-method> <!-- Close -->
        <test-method is-config="true" signature="Login()[pri:0, instance:CriticalTestCases.ExternalLawyer@1bb5a082]" started-at="2025-05-30T15:55:47 IST" name="Login" finished-at="2025-05-30T15:56:13 IST" duration-ms="26383" status="PASS">
          <reporter-output>
          </reporter-output>
        </test-method> <!-- Login -->
        <test-method signature="MyDocument()[pri:22, instance:CriticalTestCases.ExternalLawyer@1bb5a082]" started-at="2025-05-30T15:56:13 IST" name="MyDocument" finished-at="2025-05-30T15:57:36 IST" duration-ms="82978" status="PASS">
          <reporter-output>
          </reporter-output>
        </test-method> <!-- MyDocument -->
        <test-method is-config="true" signature="Close()[pri:0, instance:CriticalTestCases.ExternalLawyer@1bb5a082]" started-at="2025-05-30T15:57:36 IST" name="Close" finished-at="2025-05-30T15:57:36 IST" duration-ms="101" status="PASS">
          <reporter-output>
          </reporter-output>
        </test-method> <!-- Close -->
        <test-method is-config="true" signature="Login()[pri:0, instance:CriticalTestCases.ExternalLawyer@1bb5a082]" started-at="2025-05-30T15:57:36 IST" name="Login" finished-at="2025-05-30T15:57:58 IST" duration-ms="21704" status="PASS">
          <reporter-output>
          </reporter-output>
        </test-method> <!-- Login -->
        <test-method signature="MyReports()[pri:23, instance:CriticalTestCases.ExternalLawyer@1bb5a082]" started-at="2025-05-30T15:57:58 IST" name="MyReports" finished-at="2025-05-30T16:04:07 IST" duration-ms="368675" status="PASS">
          <reporter-output>
          </reporter-output>
        </test-method> <!-- MyReports -->
        <test-method is-config="true" signature="Close()[pri:0, instance:CriticalTestCases.ExternalLawyer@1bb5a082]" started-at="2025-05-30T16:04:07 IST" name="Close" finished-at="2025-05-30T16:04:07 IST" duration-ms="134" status="PASS">
          <reporter-output>
          </reporter-output>
        </test-method> <!-- Close -->
        <test-method is-config="true" signature="Login()[pri:0, instance:CriticalTestCases.ExternalLawyer@1bb5a082]" started-at="2025-05-30T16:04:07 IST" name="Login" finished-at="2025-05-30T16:04:28 IST" duration-ms="21008" status="PASS">
          <reporter-output>
          </reporter-output>
        </test-method> <!-- Login -->
        <test-method signature="MoreReports()[pri:24, instance:CriticalTestCases.ExternalLawyer@1bb5a082]" started-at="2025-05-30T16:04:28 IST" name="MoreReports" finished-at="2025-05-30T16:08:02 IST" duration-ms="213881" status="PASS">
          <reporter-output>
          </reporter-output>
        </test-method> <!-- MoreReports -->
        <test-method is-config="true" signature="Close()[pri:0, instance:CriticalTestCases.ExternalLawyer@1bb5a082]" started-at="2025-05-30T16:08:02 IST" name="Close" finished-at="2025-05-30T16:08:02 IST" duration-ms="114" status="PASS">
          <reporter-output>
          </reporter-output>
        </test-method> <!-- Close -->
        <test-method is-config="true" signature="Login()[pri:0, instance:CriticalTestCases.ExternalLawyer@1bb5a082]" started-at="2025-05-30T16:08:02 IST" name="Login" finished-at="2025-05-30T16:08:23 IST" duration-ms="21146" status="PASS">
          <reporter-output>
          </reporter-output>
        </test-method> <!-- Login -->
        <test-method signature="MyReminder()[pri:25, instance:CriticalTestCases.ExternalLawyer@1bb5a082]" started-at="2025-05-30T16:08:23 IST" name="MyReminder" finished-at="2025-05-30T16:14:42 IST" duration-ms="379360" status="PASS">
          <reporter-output>
          </reporter-output>
        </test-method> <!-- MyReminder -->
        <test-method is-config="true" signature="Close()[pri:0, instance:CriticalTestCases.ExternalLawyer@1bb5a082]" started-at="2025-05-30T16:14:42 IST" name="Close" finished-at="2025-05-30T16:14:43 IST" duration-ms="109" status="PASS">
          <reporter-output>
          </reporter-output>
        </test-method> <!-- Close -->
        <test-method is-config="true" signature="Login()[pri:0, instance:CriticalTestCases.ExternalLawyer@1bb5a082]" started-at="2025-05-30T16:14:43 IST" name="Login" finished-at="2025-05-30T16:15:04 IST" duration-ms="21738" status="PASS">
          <reporter-output>
          </reporter-output>
        </test-method> <!-- Login -->
        <test-method signature="ImportUtility()[pri:26, instance:CriticalTestCases.ExternalLawyer@1bb5a082]" started-at="2025-05-30T16:15:04 IST" name="ImportUtility" finished-at="2025-05-30T16:16:35 IST" duration-ms="91018" status="PASS">
          <reporter-output>
          </reporter-output>
        </test-method> <!-- ImportUtility -->
        <test-method is-config="true" signature="Close()[pri:0, instance:CriticalTestCases.ExternalLawyer@1bb5a082]" started-at="2025-05-30T16:16:35 IST" name="Close" finished-at="2025-05-30T16:16:35 IST" duration-ms="108" status="PASS">
          <reporter-output>
          </reporter-output>
        </test-method> <!-- Close -->
        <test-method is-config="true" signature="Login()[pri:0, instance:CriticalTestCases.ExternalLawyer@1bb5a082]" started-at="2025-05-30T16:16:35 IST" name="Login" finished-at="2025-05-30T16:16:55 IST" duration-ms="19400" status="PASS">
          <reporter-output>
          </reporter-output>
        </test-method> <!-- Login -->
        <test-method signature="CaseUpdationImportUtility()[pri:27, instance:CriticalTestCases.ExternalLawyer@1bb5a082]" started-at="2025-05-30T16:16:55 IST" name="CaseUpdationImportUtility" finished-at="2025-05-30T16:17:12 IST" duration-ms="17400" status="PASS">
          <reporter-output>
          </reporter-output>
        </test-method> <!-- CaseUpdationImportUtility -->
        <test-method is-config="true" signature="Close()[pri:0, instance:CriticalTestCases.ExternalLawyer@1bb5a082]" started-at="2025-05-30T16:17:12 IST" name="Close" finished-at="2025-05-30T16:17:12 IST" duration-ms="127" status="PASS">
          <reporter-output>
          </reporter-output>
        </test-method> <!-- Close -->
        <test-method is-config="true" signature="Login()[pri:0, instance:CriticalTestCases.ExternalLawyer@1bb5a082]" started-at="2025-05-30T16:17:12 IST" name="Login" finished-at="2025-05-30T16:17:32 IST" duration-ms="19921" status="PASS">
          <reporter-output>
          </reporter-output>
        </test-method> <!-- Login -->
        <test-method signature="NoticeUpdation()[pri:28, instance:CriticalTestCases.ExternalLawyer@1bb5a082]" started-at="2025-05-30T16:17:32 IST" name="NoticeUpdation" finished-at="2025-05-30T16:17:50 IST" duration-ms="17563" status="PASS">
          <reporter-output>
          </reporter-output>
        </test-method> <!-- NoticeUpdation -->
        <test-method is-config="true" signature="Close()[pri:0, instance:CriticalTestCases.ExternalLawyer@1bb5a082]" started-at="2025-05-30T16:17:50 IST" name="Close" finished-at="2025-05-30T16:17:50 IST" duration-ms="101" status="PASS">
          <reporter-output>
          </reporter-output>
        </test-method> <!-- Close -->
      </class> <!-- CriticalTestCases.ExternalLawyer -->
    </test> <!-- Default test -->
  </suite> <!-- Default suite -->
</testng-results>
